0
0.375
0
1.0625
0
-0.5
-0.25
0
-0.125
0.125
0.375
0.0625
-0.25
0
-0.09375
-0.0625
0.5
0.75
0
0
0.1875
-1.3125
1.0625
0
0.625
0
0.125
0.125
0
0.25
0.5
-0.375
0.125
-0.4375
0.125
0.375
0
0.5625
-0.75
0
0.5
0
0
0
0
0
0
-0.625
0.03125
0.1875
0.40625
0
0.1875
0.125
0
1.25
0
0
0
0
-0.3125
-0.84375
-0.25
0
0.0625
0.5
0.375
0
0
0.5
-0.25
0
-0.625
0.875
0
-0.5
0
0.375
0.1875
0.4375
0.4375
0.6875
-0.5625
0.125
0
-0.375
0
-0.0625
0
0.5
0.1875
-0.125
0
0
0.125
0
0.4375
-0.375
0.125
-0.125
0.4375
0.0625
0
0.0625
0.8125
0
0
-0.3125
0
0.15625
0.0833333333333
-0.1875
1.0
0.125
0.5
-0.5625
0
0
0
0.125
0.0625
0
0.5625
0.125
-0.1875
0.125
0.71875
0.5625
0
0
0.125
0.125
-0.375
0
0.25
-0.875
-0.5
0.15625
0
0.0625
0
0.125
0.5
0.375
-0.75
0.375
-0.375
0.375
0.15625
0.1875
0
0
-0.9375
-0.0625
0.0625
0
0.3125
0
1.75
0.21875
-0.1875
0
0
-0.125
0.125
0.0625
0.25
0.125
0.4375
0
-0.125
0.125
-0.5625
-0.40625
0.5
0.125
0.125
0.125
0
0
0.375
0.25
0.875
0
0
0
0
0.0625
0.0625
0.125
0
0
0
0.125
1.0
0.375
0
0.4375
0.0625
0.5
0.125
0.125
-0.375
0
0
0.375
0.75
0.0625
-0.4375
0
0
1.5
1.0625
0.125
0
0
0
0
-1.0
0
0.1875
0.25
0.625
0
-0.125
0.25
-0.3125
0.0625
0.569
0
0.1875
-0.0625
0.625
0
1.4375
0.25
0.375
0
0.1875
0
-0.0625
0
0.0625
-0.25
0.0625
0.0625
0.15625
0.0625
0.9375
-0.125
0
-0.25
-0.21875
0
-0.3125
0
0.34375
-0.4375
0.3125
0.0625
-0.09375
0.03125
-0.375
0
0.0625
0.25
-0.5625
0.125
0
0
-0.125
0
0.25
0.0625
0.25
0.5
0.125
0
0
0.375
0.53125
-0.25
0.125
1.5625
0.0625
0.0625
-0.5625
0.125
-0.333333333333
0.5625
0.28125
0
-0.25
0.875
0
0.5
-0.375
0
0.0625
0.1875
0.25
0
0.15625
0.5
0.0416666666667
0.34375
-0.375
-0.125
0.125
0
-0.5
0.125
0
0
0
0
0
-0.625
0.125
0.25
0
-0.125
0
-0.0625
-0.375
-0.1875
-0.0625
0
-0.375
0.5
0.9375
1.0
-0.5
0.125
0.25
0.125
0.25
-0.0625
0.6875
0
0
-0.25
0
0
0.3125
0
0
0
0
-0.3125
0.0625
0.125
0.3125
0.5
0.0625
0
0
0.625
0
0.5625
0.53125
0
0
-1.625
0
-0.25
-1.1875
0
0.5625
0
-0.625
0.21875
1.0
-0.125
0.46875
-0.125
0.125
0.5625
-0.625
0.25
0.125
0
0.1875
-0.0625
0.125
0
-0.375
-0.375
0
0.125
0
-0.75
0.8125
0.75
0.28125
-0.0625
0.25
0.125
0.21875
0
0.5625
0.0625
0.5
0.375
0.3125
0
0.28125
0
0.375
-0.1875
0
-0.5625
0
0
0
0.479166666667
0.625
0.625
-0.625
0.0625
0.25
0.5
0.125
-0.28125
0
0
-0.75
0
-0.1875
0
0
0.28125
0
0
0
0.0625
0.75
0.0625
0
0
-0.1875
0
0
0.3125
0
0
0
0.875
0
0.1875
0.166666666667
0.375
0.5
0.375
0.0625
0.1875
0.625
0.25
0.25
0.8125
0.3125
-0.375
0
-0.125
0
0
0.25
0
-0.3125
0
1.5
0.25
0
-0.125
0.0625
1.0
-0.28125
0.25
0
0.5
0.0625
0.5
0.4375
0
0.3125
0.3125
0
0.125
0.25
-0.125
-0.75
0.0625
0
0.5
0
1.3125
-0.9375
0.125
0.125
-0.75
0
0.125
0.375
0
0.625
0
1.09375
0.625
0.3125
0.125
-0.34375
0
0.5
0.125
0.0625
0
0.25
-0.375
0.375
0.375
0
0.4375
0
0.0625
0.1875
0
-0.125
1.0
0.75
0
0.0625
0.375
0.125
0
0
0
0.375
0
0.125
0.875
0.59375
0
0
-0.125
0
0.28125
-0.375
0.3125
0
0
0.125
0
0
0.75
0.28125
1.0
0.625
0.21875
0.5625
0.75
-0.0625
0
0.75
0
0
0.625
0.25
0.3125
0.5
0.1875
0
0.125
0.125
0.6875
-0.125
0.125
0.875
0.125
-0.1875
-0.15625
0.25
-0.125
-0.4375
0
0.875
0
0.25
-0.5
0.6875
0.75
0.4375
-0.125
0.625
0
0
-1.3125
0.1875
0.375
0
0.0625
0.3125
0.166666666667
-0.5
0.5625
0.375
1.0
-0.75
-0.125
0.125
0
0
0.03125
0.125
-0.0625
0.125
0.375
0.03125
0
1.3125
0.75
0.125
-0.625
0
0
0
0.15625
0
0.6875
0
0
-0.0625
0.25
0.125
0
0
-0.0625
0
0.25
0.0625
0
-0.0625
0.21875
0.125
0.125
0.5
0.1875
0
0.0625
0
0
-0.0625
-0.25
0.5
0
0
0
0
0
0
0
-0.4375
0
0
0
0.46875
-0.75
0
0
0.1875
0.0625
0
0.1875
0
0.375
0.4375
0
-0.625
0.125
0.0625
0.375
0
0
-0.125
0.5
0
0.40625
-0.0625
0.0625
0
0
0
0.09375
0
-0.4375
0
0.25
0
0.75
0
1.875
0.625
0
0.125
0
0
0.5
0.0625
0
0
0
0
0
0.1875
0.5
-0.0625
0.5625
0.34375
0.375
-0.375
0.625
0
0.5625
0.8125
-0.6875
0.5
-0.25
0
0.5625
0
-0.03125
0.0948333333333
-0.3125
-0.625
0.15625
0.625
0.125
1.6875
0
0.8125
-0.0625
0
0.625
0.375
0.9375
0
-0.25
-0.0625
1.0
0.1875
0.125
0.1875
0.5
0.625
0
0
0.5
0
0
0
0.625
1.1875
-0.9375
0.125
-0.125
0
0.375
0
0
0.0625
0.0625
-0.375
0.1875
0.125
-0.125
-0.09375
0
0.375
0
0.625
0.0625
0
0.875
0
0.625
1.125
-1.125
0.25
0.4375
-0.5
-0.625
0.5
0
0
0.125
0
0
0
0
0.5625
-0.0625
0
0
0
0
0
0
-0.3125
0
0
0
0
0.375
0
0.1875
0
-0.53125
0.3125
0
0
-0.375
-0.75
0.0625
-0.375
0
0.9375
0.125
0
0.25
0
0
0
0.625
0
0
0.6875
0
0.1875
-0.375
0.5
0
0.4375
0
0
0
0.25
0.28125
0.375
0.21875
0
0.104166666667
0
0.125
0
0.125
0
0
0.0625
0.125
-0.3125
0
0.125
0
-1.625
0
0.625
0
-0.25
0.125
0
0.25
0.5
0.625
0.375
0.625
0
0
0.0625
0.25
0.0
0
0.375
0.5
0.0625
-0.25
0
0.0625
0.1875
-0.3125
0
-0.125
-0.75
0.0625
0.46875
0
-0.0625
0.0
-0.25
0
0
0.625
0.25
-0.25
0
0.125
0.0625
0
-0.375
0.625
0.0625
0
0.25
0.03125
0
-0.0625
1.0
0.40625
-0.75
0.8125
0
-0.5
0.0625
0
0.25
0
0
0.25
0.0
0.4375
0
0.0625
0
0
1.125
0
0
0.0625
0
-0.5625
0
0.25
0
0
0
0.0625
0.0625
-0.625
0.0625
0
-0.125
-0.5625
0.375
-1.25
1.3125
1.0
0.375
-0.75
0.125
0.5
0.5
0
0
0.125
0
0.1875
0
0.03125
0.625
0
0.375
-0.4375
0
0.3125
0
0
0
0
0
0.15625
0.09375
-0.625
0.1875
0.125
1.0
0.75
-0.125
0.1875
-0.3125
0
0
0.125
-0.1875
0
0
0.375
0.875
0.5625
0.0625
0.0625
0.6875
0.0625
-0.5
-0.125
2.0625
0
0.25
0
0.125
0.6875
0.15625
0.125
0
-0.25
0.5
0.5
0.125
0.4375
0.0
-0.5625
0
1.625
0
0
-0.09375
-0.125
0.25
0.5
0
0
0
0.5625
0
0
0
0
-0.5
0.25
0
0.25
0.5
0.0625
-0.0625
0.625
0
0.145833333333
-0.125
0.458333333333
0.25
0.875
0
0.6875
-0.25
1.0
0.25
-0.1875
0
0.125
0.625
0.4375
0.125
0.1875
0.125
-0.28125
0.125
0
0
0
0.0625
0
0
0
0.125
0.5
-0.5
0.125
0
0.5
0.125
0.0625
0.25
0.0625
0.5625
0
0.5625
-0.59375
0.1875
-0.25
0.625
-0.125
-0.125
1.0
0.15625
0
0
0.3125
0
-0.375
0
0.34375
0.25
1.5
0.1875
0
0
0
0
0.0625
0
0.125
0.625
0.53125
0
0.25
0.21875
-0.25
0.21875
0.375
0.9375
0.375
-0.1875
0
0
-0.25
-0.0625
0
0.0625
0
0
0
0
0.21875
0
0.5625
-0.25
0.25
0.28125
0.125
-0.625
0.34375
0.625
-0.5625
0.375
-0.25
0
0.3125
0.25
0
-0.125
0
0.6875
0.125
0.25
0
0
0.375
0.9375
0
0
0.1875
0.125
0
0.09375
0.375
0
0
0
0.4375
0.5
0.5
1.9375
0.75
0.0625
0.53125
0.0208333333333
0.375
0.4375
0
0
-0.125
0.5
0.125
0
0.3125
0.1875
0
0.03125
0.09375
-0.375
-0.125
0
0
0
0.5
0
0
0.46875
0
0.0625
0
0
0
0.75
0.21875
-0.28125
0.0625
-0.0625
0
0.15625
0.125
0
1.0
0
0.125
0
0
-0.625
0.125
0
0.0625
0.5
0
-0.3125
-0.0625
0
0
0.5
-0.03125
-0.125
0
0.25
-0.6875
0
1.6875
0.25
-0.25
0
0.0625
0.0625
0.875
0
0.78125
0.8125
0.125
0.125
0.0625
0
0.125
-0.25
0
0
0
0
0.3125
0
0
1.5625
-0.25
0.5
0.21875
0
-0.125
0.8125
0.125
1.875
0.0625
0
0.1875
0.0625
0.25
0.9375
0
-0.125
-0.4375
-0.25
-0.625
-0.125
0.125
0
-0.0625
0.3125
-0.6875
0
0.25
0
-0.25
0
-0.375
-0.25
0
0.75
-0.0625
0
-0.125
0.125
0.25
0
0
-0.625
0.125
0
0.875
0.25
0
0.25
-0.25
0
-0.0625
0.0625
1.75
0.25
0.0625
0.5
0
-0.125
0.625
0.875
0
0.375
0
0.1875
0.75
0.0625
0.0625
0
0.0625
0.5
0
0.125
0.40625
0
0.125
0.1875
0.0625
-0.4375
-0.0625
-0.3125
0.375
-0.375
0
0
-0.25
0
-0.125
0
-0.25
0.0625
0
0
0.25
0.375
0.3125
0.75
0
0.9375
0.1875
0.5
0
0
0
-0.40625
0.4375
0
0.25
0.25
0.375
-0.0625
0.75
0.0625
-0.34375
0.6875
-0.125
0
0
0.6875
0
0.15625
0.125
-0.125
-0.1875
0.125
-0.125
0
0
0.125
-0.625
0
-0.0625
0.5
0
0
0
0.0625
0.25
0
0.25
0.0625
-0.6875
-0.3125
0.0625
-0.125
0.125
0
0
0
0.25
0.0625
-0.125
0
0.0625
0.3125
0.3125
0
-0.125
0.125
0.375
-0.25
0
0
0.46875
-0.4375
0.53125
-0.25
0.40625
0.5
0.9375
-0.125
0
0
0.3125
0
0
0.1875
0.395833333333
0.25
-0.9375
0
0.125
0
0.5625
0.5
0.625
0.625
0.0625
0
0
0
0.0833333333333
0
0
0
0
0.125
-0.125
0.375
0
0.0625
0.25
0
0.1875
-0.3125
0.6875
0
0.0625
0.0625
0.25
0
0.125
-0.6875
0
0.0625
0.625
0.0625
-0.375
0.625
-1.125
1.0
0.6875
0
-0.0625
0.75
0.625
0.1875
-0.6875
0.125
0
-0.6875
0.625
0.625
0.6875
0.8125
0.3125
0.09375
-0.09375
0
0.0625
-0.25
0
0
-0.125
0
0.125
1.5625
0
0.125
0.6875
0.5
0.5
0.0625
-0.0625
-0.75
-0.208333333333
0.25
0.5
0.625
0.0625
0.0625
-0.5625
0
0.125
0
0
-0.375
0.145833333333
0.1875
0.3125
-0.28125
-0.25
0
0.5
-0.25
0
0
-0.125
0.375
0.3125
0.3125
0.03125
1.0
-0.5625
0
0
0
0.75
0.625
-0.21875
0.1875
0.125
-0.125
0
0
0
0.09375
0.5
-0.4375
0
0.5
0.375
0.375
0
0
0.6875
0
0.1875
0.25
0.0625
0.125
0
0.375
0.125
0
0
0.5
0.25
0.4375
0.9375
0.375
0.375
0.0625
0.5
0
-0.0625
-0.0625
0.145833333333
0.625
0.166666666667
-0.125
1.25
0.125
0.1875
0.3125
0.125
0.0625
0.8125
0
-0.5
0
0
0
0.0625
-0.3125
0.25
-0.125
0.375
-0.0625
0.3125
0.1875
0.5625
-0.25
0.125
0.3125
0
-0.125
0.1875
0.3125
0
0
0
0
0.0625
0
0.46875
0.5
0
0
0.375
0
0.5
0
0
-0.0625
0
0.0625
0
0.125
0
0
0
0.625
-0.34375
0.125
0
-0.375
0
0
0.0625
-0.125
-0.4375
0
0.0625
0
0
0.125
-0.25
0.1875
0.208333333333
0.25
0.5
0.4375
0
-0.0625
-0.125
0.0625
-0.03125
-0.5625
0.0625
0.875
0
0
1.125
0
0
0
0
0
1.125
0.375
0
0.25
0.229166666667
0.3125
-0.15625
0.375
0.6875
0
0
0
0.3125
0.125
0
-0.4375
0
0
0.0625
-0.0625
0.125
-1.4375
0.125
-0.0625
0
-0.0625
0.25
0
0.125
0.25
-0.25
0.25
1.0
0
1.0
0.375
-0.6875
0.125
-0.15625
0.09375
-0.0625
0.5
0.3125
0
-0.5
0.25
0
0
-0.25
0.5
0
0.5
0
-0.125
-0.15625
0.0
0.125
0
0.1875
0.375
0.15625
-1.125
0
0.3125
0
0
0.6875
0.5
0.1875
1.0
0
0.25
0.1875
1.1875
-0.625
0
0.0625
-0.28125
-0.25
-0.09375
0.125
0
0
0
0
0.0625
0.1875
0.125
0
-0.625
0
0.1875
-0.375
0
0.25
0
0.0625
0.4375
0
0.229166666667
0
0
-0.3125
0
0
-0.3125
0.28125
0.1875
-0.0625
0.375
0
0.28125
0.0
0
0.25
0.25
0
0
1.0
-0.125
0
0.75
0
0
0
-0.125
1.0
0.0625
0
0
0
0.25
0
0
0
-0.5
0.125
0
-0.125
0.21875
0.125
0.0625
0
0
0
0
0
0
0.0
0.3125
0.15625
0
-0.375
0.4375
0.4375
0.4375
0.25
0.125
0
0.0625
0.3125
0.375
0.8125
0
-0.4375
0.0625
0.125
-0.3125
0.375
-0.40625
0
-0.0625
0.46875
0.40625
0
0
0.3125
0.375
-0.3125
-0.9375
0.3125
-0.5
0.5
0.25
0.625
0
1.375
0
1.0625
0
0.1875
0.625
0.125
0.75
0.0625
0.875
0
0.125
0
0
0.5
0.375
1.0
0.5625
0.0625
0
0
0
0.1875
0
1.4375
0.875
-0.375
0
0.375
0.3125
0.4375
0.125
0.25
0.1875
0.0
0.625
0.5
0
0.375
-0.25
-0.5
0.21875
0
0
0.125
0.75
0
0.5625
0
0
-0.09375
0.25
0
-0.1875
0.25
0.5
0
-0.3125
-0.0625
-0.15625
0.09375
-0.625
0
0.125
-0.6875
-0.25
-0.1875
0
1.125
0
0
0.25
-0.375
0.6875
1.125
0.25
0
0.5
0.9375
0.1875
0.125
0.375
-0.375
0.125
0.0625
-0.28125
0
0.333333333333
1.125
0.125
0
0
0.375
0.125
0.28125
-0.25
-0.1875
0
0.25
0.5
0
0
0
0.0625
0.0625
-0.125
-0.625
0
0.3125
-0.125
0.25
-0.3125
0
0.0625
-0.4375
0
-0.03125
0.1875
-0.1875
0.375
-0.0625
0.125
0.25
0.40625
0
0
0
0
0
0
0
0
0.25
0.0625
0.34375
0.125
0
0
0.75
0
0.5
0.5
-0.625
0.8405
0.625
-0.125
0.71875
0.4375
0.625
-0.5
-0.0625
0
-0.25
0.25
0.25
0
0.1875
0.75
0.0625
0
0.25
0.75
0.625
0
-0.0625
0.25
0.125
0.75
0
0
0
0.34375
0.15625
0
0.125
0.25
1.0
-0.125
-0.25
0.1875
0.375
0
-0.6875
0
0.125
0.625
0
0
-0.25
0.375
0.5625
0.125
-0.03125
1.0625
-0.71875
0.125
0
0
1.375
0
0
0.625
0
-0.46875
1.0625
0
0
-0.25
0
0.0625
-0.625
0
0.125
0
0.8125
0
0
0.5
-0.1875
0.4375
0.875
0.1875
0
0.0625
-0.6875
-0.625
0
0
0.0625
0.59375
0.375
0.125
0.375
0.09375
2.0625
0
0
0.625
0.5
0.25
0
-0.375
0
0
-0.8125
0
0
0.125
0
0
0
-1.125
0.4375
-0.375
0
-0.375
0
0.0625
0.25
0
0
0.03125
0
0.125
0
-1.125
0
0
0.125
0
0
0.5625
0
1.4375
0.875
0.25
-0.125
0
0
0.25
0
1.25
0.0625
0
-0.375
0.25
-0.03125
0.625
0
0
0.8125
0.25
1.4375
0.3125
0.375
0.25
0.125
0
-0.625
-0.6875
-0.8125
1.125
0
0
-0.25
0.4375
0
0.125
-0.0625
0.9375
0
0
0
0.875
0
-0.125
0
0.25
0
-0.75
-1.0625
0.25
-0.6875
0.25
0.375
-0.03125
0
0.125
0.125
0.328125
0.4375
0.0625
-0.3125
0.53125
1.125
0.125
0
0
0.5
0.3125
0
0
0.125
-0.0625
0
-0.125
0.5
0.375
0
0.75
0
0.0625
0
0
0
0.3125
-0.0625
0.5
0
-0.125
0
0.25
0
-0.125
0.3125
0
0.125
0
0
0
0.125
0
0.125
0
0.1875
0
0.125
0.125
0
0
0.75
0
0
0.5
0
0.1875
-0.25
0
0.375
0.0625
0.875
0.125
0.0625
0.625
0
0.375
0
0.09375
0.5
0.4375
0.0625
-0.25
0.0625
0.5
0.1875
0
0.25
0.416666666667
0
0
-0.5
0.03125
0.75
0
-1.375
0.375
0.625
0.1875
0
0
0
0.5
0.5
0.0625
-0.75
0.125
-0.25
-0.5
0.0625
1.0
0.0625
-0.125
0.125
0.0
0
0
-0.21875
0.25
0
0.40625
0
0
-0.875
-0.25
0.625
0.5625
0
0.4375
-0.375
0
-0.0625
0.125
0
0
0.125
-0.125
0.90625
0.21875
0
0
-0.75
0
0.25
0
0
0
0.5625
0.25
0.125
0.0625
0
0.21875
0
-0.375
0
-0.4375
-0.125
0
-0.5
-0.3125
0.375
0.59375
0.75
0.5
0.375
0.75
0.25
-0.1875
0
0.5
0
0.5
0.4375
0.5625
0.875
0.625
0.25
0
-0.4375
-0.0625
0.75
-0.3125
0.3125
0.9375
0.6875
0
0
0
0.0625
0.125
0
0.375
0
-0.1875
0.375
-0.8125
0.0625
0
0.0625
0
0
0
-0.5
0.0625
0.0625
-0.625
0
0
1.0
0
0.25
0.0625
0
0
0
0.71875
0
0.28125
0.46875
0.0625
-0.375
-0.6875
0.5625
0.28125
0
0.3125
-1.25
0.1875
1.25
0.0625
0.375
-0.75
-0.25
0
0.125
0
0.125
0
0.5
0.875
0.25
1.0
0
0.3125
-0.25
0
0.625
0
0.1875
0
0.25
-0.125
0.875
0
0.3125
0
0.34375
0.34375
0.375
0.0625
0
-0.5625
0.25
0
0
0.25
0
0
0
0.125
0
0.125
0
0
-0.15625
1.0
0
-0.1875
0.0625
0
0
0.0625
0
0.4375
-0.0625
0
0.0625
0
0.75
0.0625
-0.0625
-0.375
0
-0.1875
0
0.3125
-0.03125
-0.125
0.25
-0.125
0
-0.125
0
0
0.125
0
0.125
0.395833333333
0.25
-0.25
0
-0.09375
0
1.0625
0
0.25
0.3125
0
0
0
0
0
0.25
-0.625
1.125
0.28125
0.375
0
0
0.0625
0
1.0625
0.0625
0.5
0.09375
0.0625
0
-0.375
0
-0.375
0.4375
0.375
-0.625
0
0
0.75
0
0
0
0
0
0.625
0
0
0.34375
-1.125
0.8125
0
0
1.0625
0
0
0.375
0
0
0
0
0.375
-0.5
0.1875
-1.1875
-0.125
0.125
0.125
0.375
0.125
0
0
-0.4375
-0.375
0.0625
0
0.0625
0.0625
0
0
0
0
0.5625
0
-1.0625
0
-0.125
0
0.125
0.125
0.1875
0.1875
0.5
0.25
0.5625
0
-0.3125
0.375
0
0
0.1875
0
0
0.0625
0.375
0.875
0.0625
0
0.125
0.375
0.09375
0
0.75
0.15625
0.0625
0
0
0
0.125
0
-0.4375
0.125
0.270833333333
0
0
0.125
0.6875
0.166666666667
-0.125
0
0.0625
0
0
-0.0833333333333
-1.5
0
0
0.125
0.125
-0.25
0
0
-0.71875
0.1875
-0.1875
0.5
-0.3125
0
0.3125
0.5
-0.125
-0.125
0
0.0625
0
0
0
-0.4375
0.229166666667
0.9375
0
0
0.3125
0
-0.0625
0.0625
0
-0.125
0
0
0
0.75
0
-0.6875
0
0
0.125
0.5
1.625
-0.3125
0
0.625
0.625
0.0625
-0.125
0.25
0.5
0.8125
0.0625
0
0.375
0
0.625
0.125
0
-0.25
0.1875
0.125
-0.75
0.8125
-0.25
0
0
-0.375
0
0.375
-0.625
0.5
-0.625
-0.0625
0.25
0
0
0
0
0
0.40625
0.09375
-0.1875
0
0
0
0
0.5
0
1.0625
-0.4375
0.125
0
0
-0.0625
0.5
0
-0.03125
0
-0.0625
0.125
0.4375
0
0
0
0.125
0.0625
0
-0.21875
0
0
-0.625
0
0.5
0.4375
0.0625
0.0625
0.125
0.375
0
0
0.5
-0.3125
1.1875
0.25
0.125
0
-0.0625
0.375
0.3125
0.1875
0
0
0
0.8125
1.125
0.0625
0
0.78125
0.0625
0.125
0
0
1.0
0
0.25
1.0
0
-0.375
0.0625
0.0625
0
0.5
0
-0.125
0
-0.375
0.1875
-0.25
0.8125
0.75
0
0.28125
0.25
0
0
0
0
-0.09375
-0.25
0
1.125
0.25
0.3125
0.3125
0.125
-0.5625
-0.1875
-0.125
-0.375
0
0.5
-0.125
0
0.125
0
0.03125
-0.5
0
0.3125
0.625
0
0.375
0
-0.125
0
0.875
0.125
0
0
0.125
0.5
1.125
0.0625
-0.5
-1.0625
0
0.3125
0.125
0
0
0.875
0
0.25
0.125
0
0.25
0.40625
0
0
0
0.0625
0.5
0.0625
-0.25
0
1.375
0.5
0
0.75
0
0
0
0
-0.625
0.5
0.6875
-0.375
0
0.75
0
1.0
0
1.375
0.1875
0.5625
0
-0.625
0
0.1875
0
0.25
0.8125
0.0625
0.25
0
0.0625
0
0.25
-0.125
0.1875
0.0625
-0.21875
0.5
0.25
0
0.125
0.5
1.5
0.875
0.1875
0.375
0
0.0625
0.0625
0.125
0
0
-0.395833333333
0.53125
0
1.125
1.5
-0.6875
0
0
0
0
-0.25
0.4375
-0.03125
0
0.625
0
-0.375
0.625
0.125
0
0.5
-0.3125
0.125
0
0.625
0.375
0.125
0
0.1875
0
-0.125
0.1875
-0.25
0
0.5
0
0
-0.0625
-0.40625
0
0
0
0.0625
0.09375
0.3125
0.625
0
-0.0625
0
0
0.0625
0
-0.28125
0.125
0.0625
0
0
0
0.125
-0.15625
0.8125
-0.375
0
0.40625
0
0
-0.125
0
0
-0.6875
0.8125
0.0625
-1.375
0.125
0
0.375
-0.4375
0.1875
0.25
0.125
0.5
0.3125
0.5625
0
0
-1.25
0
0.625
0
0.0625
0.0416666666667
0
-0.75
-0.9375
0.3125
0.125
0
0.5
0
0.125
-0.25
0.8125
0.375
0
0.0625
0.0625
0
0
0.1875
0
0
0
0
0
0.125
0
-1.0625
0.375
0
0.5625
-0.03125
0.4375
-0.1875
0
0
1.25
0.1875
0.34375
0
-0.375
0.28125
0.03125
0
-0.0625
-0.1875
-1.25
0.21875
0
0.34375
0.6875
0.125
0
-0.625
-0.875
0
0.375
0.3125
0
0.5
0.375
0
0.5
-0.0625
0.3125
0
-0.125
0
-0.375
-0.75
-0.375
0
-0.5
0.0625
0
0.5
-0.125
0
0.6875
0
-0.0208333333333
0.25
0
0.15625
0
0.0
0.125
-0.25
0.0625
0.5
0.0625
-0.125
0
-0.375
0.229166666667
0.125
-0.125
0
0
-0.3125
0.25
1.375
0
0.25
-0.6875
0.625
0
-0.25
0.625
0.25
0.875
0.375
0.9375
0.25
0.5
0.28125
0
-0.09375
-0.125
0.125
-0.75
0
-1.125
0
-0.0625
0.3125
0.125
0
-1.0
0.25
0
0.375
0
0.1875
1.4375
0
0
0.375
0
0
0
1.5625
0
0.4375
-0.125
-0.0625
0
0
0
0.15625
0.25
0.25
0
-0.6875
-0.0625
1.4375
0
0
0.0
-0.6875
0.5625
0
0
0.5
-0.0625
-1.0
0.875
0
-0.75
0.46875
-1.625
0
0
0.875
0.5625
0.5
0.25
0.1875
0
0.625
-0.875
0
0
0
-0.25
0.6875
0.125
0.625
0
0.3125
0.0625
-0.3125
0.1875
0.4375
0
0
-0.0625
-0.125
0.4375
0
0.125
0.5
0
0.375
0
0
-0.5
0
0
0.375
0
0
-0.0625
0.0625
0
0.53125
0.09375
0
0.0625
0.125
0
-0.25
0.0625
0
0.25
0
0
0.625
0
0.125
0
-0.5625
0.9375
0.75
0
0
0
0.375
0
-1.125
-0.125
0.46875
0.4375
0.375
-0.25
0.125
0.5
0
0
-0.0625
0.75
-0.375
0.0625
0
0
0
0.875
0
-0.625
0.75
0.5
0
0.25
0.125
0
0.125
0
0.5
0
0
0
0.5625
0.0625
0
-0.375
0.25
0.25
0.25
0.0625
-0.25
0.125
0
0
0
0.0625
0
0.625
0
1.375
0.375
0.125
1.5
0
0.5
0
0
0
-0.03125
-0.0625
0
0.166666666667
1.625
0.25
0
0
0.1875
0.0
-0.25
0
0.25
1.25
0.125
0
0
0.875
1.0625
0.75
0.25
0.25
0.875
0.9375
0.125
-0.3125
0.53125
0.25
0
0.6875
0
0.125
0.28125
0.125
1.0
1.625
0
0.25
0.0625
-0.625
0.875
-0.375
0.1875
0
-0.125
-0.0625
0.15625
0
0
0.0625
0
0.5625
0.0625
0.0625
-0.25
-0.25
1.0
0.3125
0.25
0.53125
-0.6875
1.125
0.5
0.125
0
0.5
0
0.75
0.375
0.5
0.625
0
0
0.1875
1.125
0.125
0.1875
0.125
-0.5
0
0
0
0
0.4375
0.1875
0
0
0.375
0
0.125
0.5625
1.4375
0.5
0
-0.375
0.25
-0.625
-0.46875
0.125
0
0.375
0.0416666666667
0
0
-0.25
0.03125
0.125
0
0
0.5
0.09375
0.5
0
0
0.125
0.125
0
0.5
0.125
1.6875
0
0.0625
0.125
0.1875
-0.1875
0.4375
-0.21875
0
0.25
0.375
0.75
0.125
0
0.125
0
-0.25
0.3125
0.25
0.6875
0
0.375
0.3125
0.0625
0.125
0.4375
0
0
0
0
0
-0.09375
0.4375
0.4375
0.125
0.5625
0.375
0.375
0.15625
0
0.3125
0
0.1875
0.375
0
0.125
0.5
0
0.9375
0.5
0.3125
0.125
0
0.0625
0
0.5
0.125
0.1875
0.375
0.0625
0
0.0625
0
0
0
0
0.25
0
0
0.375
0.125
0.8125
0.25
0.125
0.0625
0
0
-0.09375
0.25
0
0
0.625
1.5625
0.125
0.15625
0.125
0
0
0
0
0.375
0.1875
0.541666666667
0.1875
0.875
0.25
-0.6875
-1.1875
0
0
-0.375
0.875
0.5625
0
0
0.0625
0.0625
0
0.125
0.5
0
0.125
0.5
-0.03125
-0.1875
0.0625
1.25
0
0.1875
-0.25
-0.375
0.375
0
0.25
-0.25
0.6875
0
0
0
0.0208333333333
0
-1.5
0
-0.25
0
-0.625
0
0
0.1875
0
-0.5625
0
0.8125
0.75
0.0
0.625
0
0.25
-0.0208333333333
0
0.1875
0.125
0.0
-0.0625
-0.75
0.125
0.625
0
0.25
0
0.75
0.1875
0.8125
-1.5625
-0.625
-0.5
0
0.125
0.0625
0
0
0.5
-0.5625
0.375
-0.0625
0.0625
-0.25
0.25
0.25
0.625
0.25
0.0625
0.1875
0
0.8125
0.0625
0.5625
0
0.0625
0.6875
0
-1.25
0
0
-0.5625
0.25
0.25
-0.25
0.125
0.25
0
0
-0.1875
-0.5
0.25
0
-0.4375
0.65625
-0.3125
0.5625
1.0
0
-0.6875
-0.03125
0
0
0.625
0.125
0
0.625
0.1875
0
0.0625
0
0.0625
0
-0.25
0.34375
0
0.125
0.0625
-0.75
0.5
0.9375
0.75
0
-0.25
0.0
0
0
0
-0.5
0.375
0.0625
1.0
0.25
-0.625
-0.0625
0.25
-0.0625
0.625
0.625
0.34375
0
0.25
0.1875
-0.6875
-0.0625
0.0625
0.0625
0.1875
0
0
0.0625
0.1875
0.1875
0
0.4375
0.21875
0
0
0.3125
0
0
0.333333333333
0.125
0.375
0.625
0.0625
0.28125
-0.375
0.375
0.125
0.125
0
-0.3125
0
0
-0.3125
0.0625
0
-0.4375
0.1875
0.375
-0.125
0.0625
0
0
0.625
0
0.6875
-1.0
0
1.25
0.09375
0.5625
-0.3125
0.0625
0.5
0
0.625
0.875
0
-0.0625
0.625
0.125
0.0625
0.1875
0
0.3125
-0.125
1.0
0
0
0.75
0.40625
0.1875
0.25
0.125
0.5
-0.3125
1.0
0.0625
0.125
-0.03125
0.28125
0.0625
-0.125
-0.625
0.5625
0
0.125
0
0.0
0
-0.6875
0
0.0625
0.0625
0.1875
0
0.0625
0
0
0
0.25
0.0625
0
1.125
0.25
0.125
0.53125
0.40625
0.5625
0
0.125
0
0
0.125
-0.125
-0.75
0.125
0
0.125
0.25
0
0.125
-0.875
0.5625
-0.25
-0.5
0.75
0.875
0.25
-0.125
0.0625
1.4375
0
0.0625
0
0.375
0.875
1.125
0
0.125
0
0
0.375
0.625
0
-0.5
0
0.5
0.125
0.0625
0
0
0.875
0.25
0.5625
0.1875
0.125
0.0625
0
0.6875
0.1875
-0.0625
0.0625
0.28125
0.125
0
1.5
0.40625
0
0.4375
0
0
0.5625
0.0625
0
0.0625
0.03125
0.0625
-0.25
0
0.0625
0.125
0
-0.25
0
0.1875
-0.125
0.0625
0.75
-0.0625
0.5
0
-0.3125
1.0625
0
0
-0.125
0
0
-0.3125
-0.375
0.5
0
-0.625
0.15625
-0.25
0
0
0.5
-0.5
0
1.125
-0.125
0.125
-0.75
0.8125
0
0
0.25
0
0
0
0
0
0
-0.125
-0.5
0.40625
0
0.1875
0.25
0.0625
1.125
0.375
1.4375
0
0
0
-0.5625
0.125
0
0.75
0.875
0.25
0.0625
0
0
-0.5
0.3125
0.25
0
0
0
1.125
0.229166666667
0.25
0.5
0.5625
0
0
0.1875
-0.75
0
-0.5625
0
0
0
-0.25
0.375
0.375
-0.1875
-0.125
-0.3125
0.5
0
0.3125
-0.125
-0.125
0.5625
0.0625
0.5625
0.125
0
0.0
0
0.0416666666667
0.25
0
-0.125
-0.5625
0.0625
0.1875
-0.125
0
-0.0625
0.125
0
0
0.5625
0
0.65625
0
0
0
-1.0
0.416666666667
0.25
-0.3125
0
-0.125
0.125
0.5625
0.6875
0
0.375
0
0.25
-0.375
0.0625
0
0
0.375
0.75
0
0.3125
0
0
0.3125
0
0.5
0
0
0.5
0
0.375
-0.4375
0.5
0.125
0
0.6875
0.25
0.125
0
0
0.125
0.1875
0.21875
0
0
0
-0.1875
-0.0625
-0.1875
0.34375
-0.375
0
0.5625
0.5
0.125
0
0.1875
0
0.25
-0.6875
0
-0.25
0.375
0.0625
0
-0.21875
0
0
0.5
0.03125
1.125
0
0
0
0
-0.375
0.0625
0
0.1875
0
0.125
0.15625
1.75
0
0
0
0
-1.25
0
0.3125
0.125
0
0.0625
0
-0.03125
0.5625
-0.125
0
0.25
0
0
-0.625
-0.6875
0
0.9375
0.09375
-0.125
0
0
0.125
-0.4375
0.1875
0.03125
0
0
1.0
0
0.125
0.125
-0.3125
0.5
0.0625
0.3125
0.1875
-0.4375
-0.25
0.125
0
-0.5
0.5
0.25
0
0.375
0.1875
0.625
-0.375
-1.0
0
0.25
0
-0.625
0.125
1.375
0
-0.25
0.0625
-0.03125
0.3125
0.375
0
-0.28125
-0.625
0
1.0
0.46875
-0.0625
0.625
0.1875
0.3125
0
0
0.25
-0.3125
0
0.229166666667
0.375
0.25
-0.5625
0.25
-0.6875
0.0625
0
0
0
0.0
0
-0.75
0
-0.1875
0
0.0625
-0.125
0
0
0
0.25
1.25
0.8125
0
0.125
0.291666666667
0.5
0.4375
0.125
0.0625
-0.125
-0.166666666667
0
0.125
0.75
-0.125
0.875
0.40625
0.25
0.5625
0
0
-0.25
-0.0625
1.0625
0.21875
0.0625
0.875
0
0.4375
0.4375
0.21875
0
-0.0625
-0.125
0.125
-0.0735
0
0
0
0
0
0.0
0
0.3125
0
0.5625
-0.0625
0
0.21875
0
-0.4375
0.125
0.4375
0
-0.5
0
-0.09375
0.0625
0
0.25
1.6875
0
0.0625
1.0
0.0625
0
-0.1875
0.75
-0.5625
0
0
0.15625
0
0
0
-0.125
0.375
0
0
0
-0.5
-0.875
0.125
0.0625
-0.0625
0
0
0.40625
0
0
0.0
-0.375
-0.5625
